{
  "stats": {
    "suites": 1,
    "tests": 1,
    "passes": 1,
    "pending": 0,
    "failures": 0,
    "start": "2024-11-17T22:49:16.923Z",
    "end": "2024-11-17T22:49:28.025Z",
    "duration": 11102,
    "testsRegistered": 1,
    "passPercent": 100,
    "pendingPercent": 0,
    "other": 0,
    "hasOther": false,
    "skipped": 0,
    "hasSkipped": false
  },
  "results": [
    {
      "uuid": "4012f624-7d06-4091-b814-3f4e1f735769",
      "title": "",
      "fullFile": "cypress\\e2e\\login.cy.ts",
      "file": "cypress\\e2e\\login.cy.ts",
      "beforeHooks": [],
      "afterHooks": [],
      "tests": [],
      "suites": [
        {
          "uuid": "ad433688-cd54-479f-ac63-311899434c8e",
          "title": "User Authentication and Navigation to Home Page",
          "fullFile": "",
          "file": "",
          "beforeHooks": [],
          "afterHooks": [],
          "tests": [
            {
              "title": "should successfully log in with valid credentials and navigate to the home page",
              "fullTitle": "User Authentication and Navigation to Home Page should successfully log in with valid credentials and navigate to the home page",
              "timedOut": null,
              "duration": 10907,
              "state": "passed",
              "speed": "slow",
              "pass": true,
              "fail": false,
              "pending": false,
              "context": null,
              "code": "cy.visit('/login');\ncy.get('input[name=\"email\"]').type(Cypress.env('email'));\ncy.get('input[name=\"password\"]').type(Cypress.env('password'));\ncy.get('button[type=\"submit\"]').click();\ncy.url().should('not.include', '/login');\ncy.visit('/');\ncy.url().should('eq', Cypress.config('baseUrl') + '/');",
              "err": {},
              "uuid": "c66b4400-83a9-46d7-be93-2d9c89893e6e",
              "parentUUID": "ad433688-cd54-479f-ac63-311899434c8e",
              "isHook": false,
              "skipped": false
            }
          ],
          "suites": [],
          "passes": [
            "c66b4400-83a9-46d7-be93-2d9c89893e6e"
          ],
          "failures": [],
          "pending": [],
          "skipped": [],
          "duration": 10907,
          "root": false,
          "rootEmpty": false,
          "_timeout": 2000
        }
      ],
      "passes": [],
      "failures": [],
      "pending": [],
      "skipped": [],
      "duration": 0,
      "root": true,
      "rootEmpty": true,
      "_timeout": 2000
    }
  ],
  "meta": {
    "mocha": {
      "version": "7.0.1"
    },
    "mochawesome": {
      "options": {
        "quiet": false,
        "reportFilename": "mochawesome.html",
        "saveHtml": true,
        "saveJson": true,
        "consoleReporter": "spec",
        "useInlineDiffs": false,
        "code": true
      },
      "version": "7.1.3"
    },
    "marge": {
      "options": {
        "useInlineDiffs": true,
        "embeddedScreenshots": true,
        "reportDir": "testing/cypress-reports",
        "reportFilename": "mochawesome.html",
        "overwrite": true,
        "html": true,
        "json": true
      },
      "version": "6.2.0"
    }
  }
}